<?xml version="1.0" encoding="UTF-8"?>
<!-- Generated by org.testng.reporters.JUnitReportReporter -->
<testsuite hostname="DESKTOP-VV0NNBG" failures="0" tests="1" name="DashBoardElements" time="45.943" errors="0" timestamp="2024-06-21T15:19:40 IST" skipped="0">
  <testcase classname="DashBoardElements" name="performAllOperations" time="45.943"/>
  <system-out/>
</testsuite> <!-- DashBoardElements -->
