<?xml version="1.0" encoding="UTF-8"?>
<!-- Generated by org.testng.reporters.JUnitReportReporter -->
<testsuite hostname="DESKTOP-VV0NNBG" failures="0" tests="1" name="Register" time="11.757" errors="0" timestamp="2024-06-24T11:33:28 IST" skipped="0">
  <testcase classname="Register" name="createRegister" time="11.757"/>
  <system-out/>
</testsuite> <!-- Register -->
